<?xml version="1.0" encoding="utf-8"?><testsuites name="pytest tests"><testsuite name="pytest" errors="0" failures="0" skipped="0" tests="21" time="4.478" timestamp="2026-08-19T14:47:59.207335+00:00" hostname="agent-env-b7f48055-892c-41af-a351-eb37f1ab44bc"><testcase classname="tests.backend_test.TestAuth" name="test_login_success" time="0.385" /><testcase classname="tests.backend_test.TestAuth" name="test_login_wrong_password" time="0.289" /><testcase classname="tests.backend_test.TestAuth" name="test_me_requires_auth" time="0.118" /><testcase classname="tests.backend_test.TestAuth" name="test_me_with_token" time="0.359" /><testcase classname="tests.backend_test.TestDashboard" name="test_stats" time="0.064" /><testcase classname="tests.backend_test.TestGuardians" name="test_list" time="0.069" /><testcase classname="tests.backend_test.TestGuardians" name="test_create_and_verify" time="0.134" /><testcase classname="tests.backend_test.TestGuardians" name="test_portal_token_unique" time="0.128" /><testcase classname="tests.backend_test.TestGuardians" name="test_regenerate_token" time="0.354" /><testcase classname="tests.backend_test.TestChildren" name="test_list" time="0.068" /><testcase classname="tests.backend_test.TestChildren" name="test_create_and_duplicate_nim" time="0.130" /><testcase classname="tests.backend_test.TestUpload" name="test_upload_and_fetch" time="0.765" /><testcase classname="tests.backend_test.TestRelations" name="test_create_duplicate_delete" time="0.263" /><testcase classname="tests.backend_test.TestDonations" name="test_create_no_child_field" time="0.063" /><testcase classname="tests.backend_test.TestDonations" name="test_list_with_name" time="0.064" /><testcase classname="tests.backend_test.TestDevelopments" name="test_create" time="0.066" /><testcase classname="tests.backend_test.TestReports" name="test_upsert_and_month_merge" time="0.261" /><testcase classname="tests.backend_test.TestPortal" name="test_public_portal_no_auth" time="0.142" /><testcase classname="tests.backend_test.TestPortal" name="test_invalid_token" time="0.194" /><testcase classname="tests.backend_test.TestSettings" name="test_get_update" time="0.192" /><testcase classname="tests.backend_test" name="test_zzz_cleanup" time="0.311" /></testsuite></testsuites>