<?xml version="1.0" encoding="utf-8"?><testsuites name="pytest tests"><testsuite name="pytest" errors="0" failures="0" skipped="0" tests="33" time="10.199" timestamp="2026-08-20T01:59:22.056590+00:00" hostname="agent-env-b7f48055-892c-41af-a351-eb37f1ab44bc"><testcase classname="tests.backend_test.TestAuth" name="test_login_success" time="0.545" /><testcase classname="tests.backend_test.TestAuth" name="test_login_wrong_password" time="0.287" /><testcase classname="tests.backend_test.TestAuth" name="test_me_requires_auth" time="0.135" /><testcase classname="tests.backend_test.TestAuth" name="test_me_with_token" time="0.361" /><testcase classname="tests.backend_test.TestDashboard" name="test_stats" time="0.121" /><testcase classname="tests.backend_test.TestGuardians" name="test_list" time="0.069" /><testcase classname="tests.backend_test.TestGuardians" name="test_create_and_verify" time="0.136" /><testcase classname="tests.backend_test.TestGuardians" name="test_portal_token_unique" time="0.376" /><testcase classname="tests.backend_test.TestGuardians" name="test_regenerate_token" time="0.420" /><testcase classname="tests.backend_test.TestChildren" name="test_list" time="0.072" /><testcase classname="tests.backend_test.TestChildren" name="test_create_and_duplicate_nim" time="0.133" /><testcase classname="tests.backend_test.TestUpload" name="test_upload_and_fetch" time="0.818" /><testcase classname="tests.backend_test.TestRelations" name="test_create_duplicate_delete" time="0.256" /><testcase classname="tests.backend_test.TestDonations" name="test_create_no_child_field" time="0.072" /><testcase classname="tests.backend_test.TestDonations" name="test_list_with_name" time="0.071" /><testcase classname="tests.backend_test.TestDevelopments" name="test_create" time="0.073" /><testcase classname="tests.backend_test.TestReports" name="test_upsert_and_month_merge" time="0.274" /><testcase classname="tests.backend_test.TestPortal" name="test_public_portal_no_auth" time="0.120" /><testcase classname="tests.backend_test.TestPortal" name="test_invalid_token" time="0.221" /><testcase classname="tests.backend_test.TestSettings" name="test_get_update" time="0.186" /><testcase classname="tests.backend_test.TestUsers" name="test_list_users_includes_admin" time="0.062" /><testcase classname="tests.backend_test.TestUsers" name="test_create_user_and_duplicate_email" time="0.349" /><testcase classname="tests.backend_test.TestUsers" name="test_create_user_short_password" time="0.065" /><testcase classname="tests.backend_test.TestUsers" name="test_update_user_name_and_avatar" time="0.067" /><testcase classname="tests.backend_test.TestUsers" name="test_reset_user_password_and_login" time="0.769" /><testcase classname="tests.backend_test.TestUsers" name="test_reset_password_unknown_user" time="0.288" /><testcase classname="tests.backend_test.TestUsers" name="test_cannot_delete_own_account" time="0.133" /><testcase classname="tests.backend_test.TestChangePassword" name="test_change_password_flow" time="2.194" /><testcase classname="tests.backend_test.TestSettingsLogo" name="test_settings_accepts_logo_url" time="0.197" /><testcase classname="tests.backend_test.TestSettingsLogo" name="test_portal_includes_logo_url" time="0.185" /><testcase classname="tests.backend_test.TestLoginAvatar" name="test_login_response_has_avatar_url" time="0.290" /><testcase classname="tests.backend_test.TestDeleteLastAdmin" name="test_last_admin_protection" time="0.333" /><testcase classname="tests.backend_test" name="test_zzz_cleanup" time="0.409" /></testsuite></testsuites>